<?xml version="1.0" encoding="UTF-8"?>
<!-- Generated by org.testng.reporters.JUnitReportReporter -->
<testsuite hostname="DESKTOP-I2FGE8S" failures="0" tests="1" name="seleniumProject.TestR7" time="3.457" errors="0" timestamp="2023-04-27T22:06:06 CDT" skipped="0">
  <testcase classname="seleniumProject.TestR7" name="testcase1" time="3.457"/>
  <system-out/>
</testsuite> <!-- seleniumProject.TestR7 -->
