<?xml version="1.0" encoding="UTF-8"?>
<!-- Generated by org.testng.reporters.JUnitReportReporter -->
<testsuite hostname="DESKTOP-I2FGE8S" failures="0" tests="1" name="seleniumProject.TestR3" time="0.010" errors="0" timestamp="2023-04-26T22:29:13 CDT" skipped="0">
  <testcase classname="seleniumProject.TestR3" name="testcase1" time="0.010"/>
  <system-out/>
</testsuite> <!-- seleniumProject.TestR3 -->
