<?xml version="1.0" encoding="UTF-8"?>
<!-- Generated by org.testng.reporters.JUnitReportReporter -->
<testsuite hostname="DESKTOP-I2FGE8S" failures="0" tests="2" name="test.com.testr1" time="0.012" errors="0" timestamp="2023-04-26T22:11:06 CDT" skipped="0">
  <testcase classname="test.com.testr1" name="loginTest" time="0.011"/>
  <system-out/>
  <testcase classname="test.com.testr1" name="logoutTest" time="0.001"/>
  <system-out/>
</testsuite> <!-- test.com.testr1 -->
