<?xml version="1.0" encoding="UTF-8"?>
<!-- Generated by org.testng.reporters.JUnitReportReporter -->
<testsuite hostname="DESKTOP-I2FGE8S" failures="0" tests="1" name="seleniumProject.ScreenshotTestR17" time="4.641" errors="0" timestamp="2023-05-04T22:02:47 CDT" skipped="0">
  <testcase classname="seleniumProject.ScreenshotTestR17" name="testcase" time="4.641"/>
  <system-out/>
</testsuite> <!-- seleniumProject.ScreenshotTestR17 -->
