<?xml version="1.0" encoding="UTF-8"?>
<!-- Generated by org.testng.reporters.JUnitReportReporter -->
<testsuite hostname="DESKTOP-I2FGE8S" failures="0" tests="2" name="seleniumProject.TestR1" time="0.017" errors="0" timestamp="2023-04-26T22:11:28 CDT" skipped="0">
  <testcase classname="seleniumProject.TestR1" name="loginTest2" time="0.013"/>
  <system-out/>
  <testcase classname="seleniumProject.TestR1" name="loginTest" time="0.004"/>
  <system-out/>
</testsuite> <!-- seleniumProject.TestR1 -->
