<?xml version="1.0" encoding="UTF-8"?>
<!-- Generated by org.testng.reporters.JUnitReportReporter -->
<testsuite hostname="DESKTOP-I2FGE8S" failures="0" tests="4" name="seleniumProject.TestR4" time="0.016" errors="0" timestamp="2023-04-26T22:45:01 CDT" skipped="0">
  <testcase classname="seleniumProject.TestR4" name="theveryfirst" time="0.011"/>
  <system-out/>
  <testcase classname="seleniumProject.TestR4" name="zero" time="0.002"/>
  <system-out/>
  <testcase classname="seleniumProject.TestR4" name="shouldexecutesecond" time="0.001"/>
  <system-out/>
  <testcase classname="seleniumProject.TestR4" name="shouldexecutefourth" time="0.002"/>
  <system-out/>
</testsuite> <!-- seleniumProject.TestR4 -->
