<?xml version="1.0" encoding="UTF-8"?>
<!-- Generated by org.testng.reporters.JUnitReportReporter -->
<testsuite hostname="DESKTOP-I2FGE8S" failures="0" tests="4" name="seleniumProject.TestR5" time="0.017" errors="0" timestamp="2023-05-01T22:39:40 CDT" skipped="0">
  <testcase classname="seleniumProject.TestR5" name="testcase5" time="0.001"/>
  <system-out/>
  <testcase classname="seleniumProject.TestR5" name="testcase6" time="0.001"/>
  <system-out/>
  <testcase classname="seleniumProject.TestR5" name="testcase1" time="0.013"/>
  <system-out/>
  <testcase classname="seleniumProject.TestR5" name="testcase3" time="0.002"/>
  <system-out/>
</testsuite> <!-- seleniumProject.TestR5 -->
